<?xml version="1.0" encoding="UTF-8"?>
<testng-results skipped="0" failed="0" ignored="0" total="1" passed="1">
  <reporter-output>
  </reporter-output>
  <suite name="Default suite" duration-ms="20678" started-at="2019-03-15T13:27:52Z" finished-at="2019-03-15T13:28:12Z">
    <groups>
    </groups>
    <test name="Default test" duration-ms="20678" started-at="2019-03-15T13:27:52Z" finished-at="2019-03-15T13:28:12Z">
      <class name="com.training.sanity.tests.CreateCourseTest_ELTC_22">
        <test-method status="PASS" signature="setUpBeforeClass()[pri:0, instance:com.training.sanity.tests.CreateCourseTest_ELTC_22@66a3ffec]" name="setUpBeforeClass" is-config="true" duration-ms="14" started-at="2019-03-15T13:27:52Z" finished-at="2019-03-15T13:27:52Z">
          <reporter-output>
          </reporter-output>
        </test-method> <!-- setUpBeforeClass -->
        <test-method status="PASS" signature="setUp()[pri:0, instance:com.training.sanity.tests.CreateCourseTest_ELTC_22@66a3ffec]" name="setUp" is-config="true" duration-ms="8749" started-at="2019-03-15T13:27:52Z" finished-at="2019-03-15T13:28:01Z">
          <reporter-output>
          </reporter-output>
        </test-method> <!-- setUp -->
        <test-method status="PASS" signature="validLoginTest()[pri:0, instance:com.training.sanity.tests.CreateCourseTest_ELTC_22@66a3ffec]" name="validLoginTest" duration-ms="10880" started-at="2019-03-15T13:28:01Z" finished-at="2019-03-15T13:28:11Z">
          <reporter-output>
          </reporter-output>
        </test-method> <!-- validLoginTest -->
        <test-method status="PASS" signature="tearDown()[pri:0, instance:com.training.sanity.tests.CreateCourseTest_ELTC_22@66a3ffec]" name="tearDown" is-config="true" duration-ms="1001" started-at="2019-03-15T13:28:11Z" finished-at="2019-03-15T13:28:12Z">
          <reporter-output>
          </reporter-output>
        </test-method> <!-- tearDown -->
      </class> <!-- com.training.sanity.tests.CreateCourseTest_ELTC_22 -->
    </test> <!-- Default test -->
  </suite> <!-- Default suite -->
</testng-results>
