<?xml version="1.0" encoding="UTF-8"?>
<!-- Generated by org.testng.reporters.JUnitXMLReporter -->
<testsuite hostname="DESKTOP-MAPEID1" ignored="2" name="Default test" tests="1" failures="0" timestamp="04 Apr 2019 20:40:52 GMT" time="18.453" errors="0">
  <testcase name="TeacherReportTest" time="9.026" classname="com.training.sanity.tests.TeacherCreateCourseProjectTest_ELTC_84"/>
  <testcase name="TeacherCreateCourse" time="0.0" classname="com.training.sanity.tests.TeacherCreateCourseProjectTest_ELTC_84">
    <ignored/>
  </testcase> <!-- TeacherCreateCourse -->
  <testcase name="StudentLoginTest" time="0.0" classname="com.training.sanity.tests.TeacherCreateCourseProjectTest_ELTC_84">
    <ignored/>
  </testcase> <!-- StudentLoginTest -->
</testsuite> <!-- Default test -->
